This is pdfTeX, Version 3.141592653-2.6-1.40.26 (MiKTeX 24.4) (preloaded format=pdflatex 2024.5.22)  21 JUN 2024 19:30
entering extended mode
 restricted \write18 enabled.
 file:line:error style messages enabled.
 %&-line parsing enabled.
**c:/Users/asus/Downloads/PTDLKD_GIT/IS403_O22_HTCL_12/Latex/Report.tex
(c:/Users/asus/Downloads/PTDLKD_GIT/IS403_O22_HTCL_12/Latex/Report.tex
LaTeX2e <2023-11-01> patch level 1
L3 programming layer <2024-04-11>
(ieeeojies.cls (IEEEtran.cls
Document Class: IEEEtran 2015/08/26 V1.8b by Michael Shell
-- See the "IEEEtran_HOWTO" manual for usage information.
-- http://www.michaelshell.org/tex/ieeetran/
\@IEEEtrantmpdimenA=\dimen140
\@IEEEtrantmpdimenB=\dimen141
\@IEEEtrantmpdimenC=\dimen142
\@IEEEtrantmpcountA=\count189
\@IEEEtrantmpcountB=\count190
\@IEEEtrantmpcountC=\count191
\@IEEEtrantmptoksA=\toks17
LaTeX Font Info:    Trying to load font information for OT1+ptm on input line 503.
(C:\Users\asus\AppData\Local\Programs\MiKTeX\tex/latex/psnfss\ot1ptm.fd
File: ot1ptm.fd 2001/06/04 font definitions for OT1/ptm.
)
-- Using 8.5in x 11in (letter) paper.
-- Using PDF output.
\@IEEEnormalsizeunitybaselineskip=\dimen143
-- This is a 10 point document.
\CLASSINFOnormalsizebaselineskip=\dimen144
\CLASSINFOnormalsizeunitybaselineskip=\dimen145
\IEEEnormaljot=\dimen146
LaTeX Font Info:    Font shape `OT1/ptm/bx/n' in size <5> not available
(Font)              Font shape `OT1/ptm/b/n' tried instead on input line 1090.
LaTeX Font Info:    Font shape `OT1/ptm/bx/it' in size <5> not available
(Font)              Font shape `OT1/ptm/b/it' tried instead on input line 1090.
LaTeX Font Info:    Font shape `OT1/ptm/bx/n' in size <7> not available
(Font)              Font shape `OT1/ptm/b/n' tried instead on input line 1090.
LaTeX Font Info:    Font shape `OT1/ptm/bx/it' in size <7> not available
(Font)              Font shape `OT1/ptm/b/it' tried instead on input line 1090.
LaTeX Font Info:    Font shape `OT1/ptm/bx/n' in size <8> not available
(Font)              Font shape `OT1/ptm/b/n' tried instead on input line 1090.
LaTeX Font Info:    Font shape `OT1/ptm/bx/it' in size <8> not available
(Font)              Font shape `OT1/ptm/b/it' tried instead on input line 1090.
LaTeX Font Info:    Font shape `OT1/ptm/bx/n' in size <9> not available
(Font)              Font shape `OT1/ptm/b/n' tried instead on input line 1090.
LaTeX Font Info:    Font shape `OT1/ptm/bx/it' in size <9> not available
(Font)              Font shape `OT1/ptm/b/it' tried instead on input line 1090.
LaTeX Font Info:    Font shape `OT1/ptm/bx/n' in size <10> not available
(Font)              Font shape `OT1/ptm/b/n' tried instead on input line 1090.
LaTeX Font Info:    Font shape `OT1/ptm/bx/it' in size <10> not available
(Font)              Font shape `OT1/ptm/b/it' tried instead on input line 1090.
LaTeX Font Info:    Font shape `OT1/ptm/bx/n' in size <11> not available
(Font)              Font shape `OT1/ptm/b/n' tried instead on input line 1090.
LaTeX Font Info:    Font shape `OT1/ptm/bx/it' in size <11> not available
(Font)              Font shape `OT1/ptm/b/it' tried instead on input line 1090.
LaTeX Font Info:    Font shape `OT1/ptm/bx/n' in size <12> not available
(Font)              Font shape `OT1/ptm/b/n' tried instead on input line 1090.
LaTeX Font Info:    Font shape `OT1/ptm/bx/it' in size <12> not available
(Font)              Font shape `OT1/ptm/b/it' tried instead on input line 1090.
LaTeX Font Info:    Font shape `OT1/ptm/bx/n' in size <17> not available
(Font)              Font shape `OT1/ptm/b/n' tried instead on input line 1090.
LaTeX Font Info:    Font shape `OT1/ptm/bx/it' in size <17> not available
(Font)              Font shape `OT1/ptm/b/it' tried instead on input line 1090.
LaTeX Font Info:    Font shape `OT1/ptm/bx/n' in size <20> not available
(Font)              Font shape `OT1/ptm/b/n' tried instead on input line 1090.
LaTeX Font Info:    Font shape `OT1/ptm/bx/it' in size <20> not available
(Font)              Font shape `OT1/ptm/b/it' tried instead on input line 1090.
LaTeX Font Info:    Font shape `OT1/ptm/bx/n' in size <24> not available
(Font)              Font shape `OT1/ptm/b/n' tried instead on input line 1090.
LaTeX Font Info:    Font shape `OT1/ptm/bx/it' in size <24> not available
(Font)              Font shape `OT1/ptm/b/it' tried instead on input line 1090.
\IEEEquantizedlength=\dimen147
\IEEEquantizedlengthdiff=\dimen148
\IEEEquantizedtextheightdiff=\dimen149
\IEEEilabelindentA=\dimen150
\IEEEilabelindentB=\dimen151
\IEEEilabelindent=\dimen152
\IEEEelabelindent=\dimen153
\IEEEdlabelindent=\dimen154
\IEEElabelindent=\dimen155
\IEEEiednormlabelsep=\dimen156
\IEEEiedmathlabelsep=\dimen157
\IEEEiedtopsep=\skip48
\c@section=\count192
\c@subsection=\count193
\c@subsubsection=\count194
\c@paragraph=\count195
\c@IEEEsubequation=\count196
\abovecaptionskip=\skip49
\belowcaptionskip=\skip50
\c@figure=\count197
\c@table=\count198
\@IEEEeqnnumcols=\count199
\@IEEEeqncolcnt=\count266
\@IEEEsubeqnnumrollback=\count267
\@IEEEquantizeheightA=\dimen158
\@IEEEquantizeheightB=\dimen159
\@IEEEquantizeheightC=\dimen160
\@IEEEquantizeprevdepth=\dimen161
\@IEEEquantizemultiple=\count268
\@IEEEquantizeboxA=\box51
\@IEEEtmpitemindent=\dimen162
\IEEEPARstartletwidth=\dimen163
\c@IEEEbiography=\count269
\@IEEEtranrubishbin=\box52
) (C:\Users\asus\AppData\Local\Programs\MiKTeX\tex/generic/iftex\ifpdf.sty
Package: ifpdf 2019/10/25 v3.4 ifpdf legacy package. Use iftex instead.
 (C:\Users\asus\AppData\Local\Programs\MiKTeX\tex/generic/iftex\iftex.sty
Package: iftex 2022/02/03 v1.0f TeX engine tests
)) (C:\Users\asus\AppData\Local\Programs\MiKTeX\tex/latex/xkeyval\xkeyval.sty
Package: xkeyval 2022/06/16 v2.9 package option processing (HA)
 (C:\Users\asus\AppData\Local\Programs\MiKTeX\tex/generic/xkeyval\xkeyval.tex (C:\Users\asus\AppData\Local\Programs\MiKTeX\tex/generic/xkeyval\xkvutils.tex
\XKV@toks=\toks18
\XKV@tempa@toks=\toks19
 (C:\Users\asus\AppData\Local\Programs\MiKTeX\tex/generic/xkeyval\keyval.tex))
\XKV@depth=\count270
File: xkeyval.tex 2014/12/03 v2.7a key=value parser (HA)
)){C:/Users/asus/AppData/Local/MiKTeX/fonts/map/pdftex/pdftex.map}

pdfTeX warning: pdflatex (file t1-times.map): cannot open font map file


pdfTeX warning: pdflatex (file t1-formata.map): cannot open font map file


pdfTeX warning: pdflatex (file t1-giovannistd.map): cannot open font map file
\@draftversionrule=\dimen164
(C:\Users\asus\AppData\Local\Programs\MiKTeX\tex/latex/graphics\color.sty
Package: color 2022/01/06 v1.3d Standard LaTeX Color (DPC)
 (C:\Users\asus\AppData\Local\Programs\MiKTeX\tex/latex/graphics-cfg\color.cfg
File: color.cfg 2016/01/02 v1.6 sample color configuration
)
Package color Info: Driver file: pdftex.def on input line 149.
 (C:\Users\asus\AppData\Local\Programs\MiKTeX\tex/latex/graphics-def\pdftex.def
File: pdftex.def 2024/04/13 v1.2c Graphics/color driver for pdftex
) (C:\Users\asus\AppData\Local\Programs\MiKTeX\tex/latex/graphics\mathcolor.ltx))
Package color Info: Redefining color black on input line 134.
\figbox=\box53
\titlewidth=\skip51
\abstractwidth=\skip52
\c@addrCtr=\count271
\abstractbox=\box54
\indexbox=\box55
\absht=\dimen165
\kwdht=\dimen166
\@tempcntc=\count272
\titlepgskip=\skip53
\maketitlebox=\box56
) (C:\Users\asus\AppData\Local\Programs\MiKTeX\tex/latex/cite\cite.sty
LaTeX Info: Redefining \cite on input line 302.
LaTeX Info: Redefining \nocite on input line 332.
Package: cite 2015/02/27  v 5.5
) (C:\Users\asus\AppData\Local\Programs\MiKTeX\tex/latex/amsmath\amsmath.sty
Package: amsmath 2023/05/13 v2.17o AMS math features
\@mathmargin=\skip54

For additional information on amsmath, use the `?' option.
(C:\Users\asus\AppData\Local\Programs\MiKTeX\tex/latex/amsmath\amstext.sty
Package: amstext 2021/08/26 v2.01 AMS text
 (C:\Users\asus\AppData\Local\Programs\MiKTeX\tex/latex/amsmath\amsgen.sty
File: amsgen.sty 1999/11/30 v2.0 generic functions
\@emptytoks=\toks20
\ex@=\dimen167
)) (C:\Users\asus\AppData\Local\Programs\MiKTeX\tex/latex/amsmath\amsbsy.sty
Package: amsbsy 1999/11/29 v1.2d Bold Symbols
\pmbraise@=\dimen168
) (C:\Users\asus\AppData\Local\Programs\MiKTeX\tex/latex/amsmath\amsopn.sty
Package: amsopn 2022/04/08 v2.04 operator names
)
\inf@bad=\count273
LaTeX Info: Redefining \frac on input line 234.
\uproot@=\count274
\leftroot@=\count275
LaTeX Info: Redefining \overline on input line 399.
LaTeX Info: Redefining \colon on input line 410.
\classnum@=\count276
\DOTSCASE@=\count277
LaTeX Info: Redefining \ldots on input line 496.
LaTeX Info: Redefining \dots on input line 499.
LaTeX Info: Redefining \cdots on input line 620.
\Mathstrutbox@=\box57
\strutbox@=\box58
LaTeX Info: Redefining \big on input line 722.
LaTeX Info: Redefining \Big on input line 723.
LaTeX Info: Redefining \bigg on input line 724.
LaTeX Info: Redefining \Bigg on input line 725.
\big@size=\dimen169
LaTeX Font Info:    Redeclaring font encoding OML on input line 743.
LaTeX Font Info:    Redeclaring font encoding OMS on input line 744.
\macc@depth=\count278
LaTeX Info: Redefining \bmod on input line 905.
LaTeX Info: Redefining \pmod on input line 910.
LaTeX Info: Redefining \smash on input line 940.
LaTeX Info: Redefining \relbar on input line 970.
LaTeX Info: Redefining \Relbar on input line 971.
\c@MaxMatrixCols=\count279
\dotsspace@=\muskip16
\c@parentequation=\count280
\dspbrk@lvl=\count281
\tag@help=\toks21
\row@=\count282
\column@=\count283
\maxfields@=\count284
\andhelp@=\toks22
\eqnshift@=\dimen170
\alignsep@=\dimen171
\tagshift@=\dimen172
\tagwidth@=\dimen173
\totwidth@=\dimen174
\lineht@=\dimen175
\@envbody=\toks23
\multlinegap=\skip55
\multlinetaggap=\skip56
\mathdisplay@stack=\toks24
LaTeX Info: Redefining \[ on input line 2953.
LaTeX Info: Redefining \] on input line 2954.
) (C:\Users\asus\AppData\Local\Programs\MiKTeX\tex/latex/amsfonts\amssymb.sty
Package: amssymb 2013/01/14 v3.01 AMS font symbols
 (C:\Users\asus\AppData\Local\Programs\MiKTeX\tex/latex/amsfonts\amsfonts.sty
Package: amsfonts 2013/01/14 v3.01 Basic AMSFonts support
\symAMSa=\mathgroup4
\symAMSb=\mathgroup5
LaTeX Font Info:    Redeclaring math symbol \hbar on input line 98.
LaTeX Font Info:    Overwriting math alphabet `\mathfrak' in version `bold'
(Font)                  U/euf/m/n --> U/euf/b/n on input line 106.
)) (C:\Users\asus\AppData\Local\Programs\MiKTeX\tex/latex/algorithms\algorithmic.sty
Package: algorithmic 2009/08/24 v0.1 Document Style `algorithmic'
 (C:\Users\asus\AppData\Local\Programs\MiKTeX\tex/latex/base\ifthen.sty
Package: ifthen 2022/04/13 v1.1d Standard LaTeX ifthen package (DPC)
)
\c@ALC@unique=\count285
\c@ALC@line=\count286
\c@ALC@rem=\count287
\c@ALC@depth=\count288
\ALC@tlm=\skip57
\algorithmicindent=\skip58
) (C:\Users\asus\AppData\Local\Programs\MiKTeX\tex/latex/graphics\graphicx.sty
Package: graphicx 2021/09/16 v1.2d Enhanced LaTeX Graphics (DPC,SPQR)
 (C:\Users\asus\AppData\Local\Programs\MiKTeX\tex/latex/graphics\graphics.sty
Package: graphics 2022/03/10 v1.4e Standard LaTeX Graphics (DPC,SPQR)
 (C:\Users\asus\AppData\Local\Programs\MiKTeX\tex/latex/graphics\trig.sty
Package: trig 2021/08/11 v1.11 sin cos tan (DPC)
) (C:\Users\asus\AppData\Local\Programs\MiKTeX\tex/latex/graphics-cfg\graphics.cfg
File: graphics.cfg 2016/06/04 v1.11 sample graphics configuration
)
Package graphics Info: Driver file: pdftex.def on input line 107.
)
\Gin@req@height=\dimen176
\Gin@req@width=\dimen177
) (C:\Users\asus\AppData\Local\Programs\MiKTeX\tex/latex/base\textcomp.sty
Package: textcomp 2020/02/02 v2.0n Standard LaTeX package
) (C:\Users\asus\AppData\Local\Programs\MiKTeX\tex/latex/tools\array.sty
Package: array 2023/10/16 v2.5g Tabular extension package (FMi)
\col@sep=\dimen178
\ar@mcellbox=\box59
\extrarowheight=\dimen179
\NC@list=\toks25
\extratabsurround=\skip59
\backup@length=\skip60
\ar@cellbox=\box60
) (C:\Users\asus\AppData\Local\Programs\MiKTeX\tex/latex/xcolor\xcolor.sty
Package: xcolor 2023/11/15 v3.01 LaTeX color extensions (UK)
 (C:\Users\asus\AppData\Local\Programs\MiKTeX\tex/latex/graphics-cfg\color.cfg
File: color.cfg 2016/01/02 v1.6 sample color configuration
)
Package xcolor Info: Driver file: pdftex.def on input line 274.
LaTeX Info: Redefining \color on input line 758.
 (C:\Users\asus\AppData\Local\Programs\MiKTeX\tex/latex/graphics\mathcolor.ltx)
Package xcolor Info: Model `cmy' substituted by `cmy0' on input line 1350.
Package xcolor Info: Model `hsb' substituted by `rgb' on input line 1354.
Package xcolor Info: Model `RGB' extended on input line 1366.
Package xcolor Info: Model `HTML' substituted by `rgb' on input line 1368.
Package xcolor Info: Model `Hsb' substituted by `hsb' on input line 1369.
Package xcolor Info: Model `tHsb' substituted by `hsb' on input line 1370.
Package xcolor Info: Model `HSB' substituted by `hsb' on input line 1371.
Package xcolor Info: Model `Gray' substituted by `gray' on input line 1372.
Package xcolor Info: Model `wave' substituted by `hsb' on input line 1373.
) (C:\Users\asus\AppData\Local\Programs\MiKTeX\tex/latex/colortbl\colortbl.sty
Package: colortbl 2024/02/20 v1.0g Color table columns (DPC)
\everycr=\toks26
\minrowclearance=\skip61
\rownum=\count289
) (C:\Users\asus\AppData\Local\Programs\MiKTeX\tex/latex/multirow\multirow.sty
Package: multirow 2021/03/15 v2.8 Span multiple rows of a table
\multirow@colwidth=\skip62
\multirow@cntb=\count290
\multirow@dima=\skip63
\bigstrutjot=\dimen180
) (C:\Users\asus\AppData\Local\Programs\MiKTeX\tex/latex/tools\multicol.sty
Package: multicol 2023/03/30 v1.9f multicolumn formatting (FMi)
\c@tracingmulticols=\count291
\mult@box=\box61
\multicol@leftmargin=\dimen181
\c@unbalance=\count292
\c@collectmore=\count293
\doublecol@number=\count294
\multicoltolerance=\count295
\multicolpretolerance=\count296
\full@width=\dimen182
\page@free=\dimen183
\premulticols=\dimen184
\postmulticols=\dimen185
\multicolsep=\skip64
\multicolbaselineskip=\skip65
\partial@page=\box62
\last@line=\box63
\mc@boxedresult=\box64
\maxbalancingoverflow=\dimen186
\mult@rightbox=\box65
\mult@grightbox=\box66
\mult@firstbox=\box67
\mult@gfirstbox=\box68
\@tempa=\box69
\@tempa=\box70
\@tempa=\box71
\@tempa=\box72
\@tempa=\box73
\@tempa=\box74
\@tempa=\box75
\@tempa=\box76
\@tempa=\box77
\@tempa=\box78
\@tempa=\box79
\@tempa=\box80
\@tempa=\box81
\@tempa=\box82
\@tempa=\box83
\@tempa=\box84
\@tempa=\box85
\@tempa=\box86
\@tempa=\box87
\@tempa=\box88
\@tempa=\box89
\@tempa=\box90
\@tempa=\box91
\@tempa=\box92
\@tempa=\box93
\@tempa=\box94
\@tempa=\box95
\@tempa=\box96
\@tempa=\box97
\@tempa=\box98
\@tempa=\box99
\@tempa=\box100
\@tempa=\box101
\@tempa=\box102
\@tempa=\box103
\@tempa=\box104
\c@minrows=\count297
\c@columnbadness=\count298
\c@finalcolumnbadness=\count299
\last@try=\dimen187
\multicolovershoot=\dimen188
\multicolundershoot=\dimen189
\mult@nat@firstbox=\box105
\colbreak@box=\box106
\mc@col@check@num=\count300
) (C:\Users\asus\AppData\Local\Programs\MiKTeX\tex/latex/float\float.sty
Package: float 2001/11/08 v1.3d Float enhancements (AL)
\c@float@type=\count301
\float@exts=\toks27
\float@box=\box107
\@float@everytoks=\toks28
\@floatcapt=\box108
) (C:\Users\asus\AppData\Local\Programs\MiKTeX\tex/latex/l3backend\l3backend-pdftex.def
File: l3backend-pdftex.def 2024-04-11 L3 backend support: PDF output (pdfTeX)
\l__color_backend_stack_int=\count302
\l__pdf_internal_box=\box109
) (Report.aux

LaTeX Warning: Label `fig:7' multiply defined.


LaTeX Warning: Label `fig:7' multiply defined.


LaTeX Warning: Label `fig:8' multiply defined.

)
\openout1 = `Report.aux'.

LaTeX Font Info:    Checking defaults for OML/cmm/m/it on input line 16.
LaTeX Font Info:    ... okay on input line 16.
LaTeX Font Info:    Checking defaults for OMS/cmsy/m/n on input line 16.
LaTeX Font Info:    ... okay on input line 16.
LaTeX Font Info:    Checking defaults for OT1/cmr/m/n on input line 16.
LaTeX Font Info:    ... okay on input line 16.
LaTeX Font Info:    Checking defaults for T1/cmr/m/n on input line 16.
LaTeX Font Info:    ... okay on input line 16.
LaTeX Font Info:    Checking defaults for TS1/cmr/m/n on input line 16.
LaTeX Font Info:    ... okay on input line 16.
LaTeX Font Info:    Checking defaults for OMX/cmex/m/n on input line 16.
LaTeX Font Info:    ... okay on input line 16.
LaTeX Font Info:    Checking defaults for U/cmr/m/n on input line 16.
LaTeX Font Info:    ... okay on input line 16.

-- Lines per column: 56 (exact).
LaTeX Font Info:    Trying to load font information for T1+ptm on input line 16.
(C:\Users\asus\AppData\Local\Programs\MiKTeX\tex/latex/psnfss\t1ptm.fd
File: t1ptm.fd 2001/06/04 font definitions for T1/ptm.
)

LaTeX Font Warning: Font shape `T1/ptm/n/n' undefined
(Font)              using `T1/ptm/m/n' instead on input line 16.

(C:\Users\asus\AppData\Local\Programs\MiKTeX\tex/context/base/mkii\supp-pdf.mkii
[Loading MPS to PDF converter (version 2006.09.02).]
\scratchcounter=\count303
\scratchdimen=\dimen190
\scratchbox=\box110
\nofMPsegments=\count304
\nofMParguments=\count305
\everyMPshowfont=\toks29
\MPscratchCnt=\count306
\MPscratchDim=\dimen191
\MPnumerator=\count307
\makeMPintoPDFobject=\count308
\everyMPtoPDFconversion=\toks30
) (C:\Users\asus\AppData\Local\Programs\MiKTeX\tex/latex/epstopdf-pkg\epstopdf-base.sty
Package: epstopdf-base 2020-01-24 v2.11 Base part for package epstopdf
Package epstopdf-base Info: Redefining graphics rule for `.eps' on input line 485.
 (C:\Users\asus\AppData\Local\Programs\MiKTeX\tex/latex/00miktex\epstopdf-sys.cfg
File: epstopdf-sys.cfg 2021/03/18 v2.0 Configuration of epstopdf for MiKTeX
))

Package xcolor Warning: Incompatible color definition on input line 28.

LaTeX Font Info:    Trying to load font information for T1+phv on input line 28.
(C:\Users\asus\AppData\Local\Programs\MiKTeX\tex/latex/psnfss\t1phv.fd
File: t1phv.fd 2020/03/25 scalable font definitions for T1/phv.
)

LaTeX Font Warning: Font shape `T1/phv/n/n' undefined
(Font)              using `T1/phv/m/n' instead on input line 28.


Underfull \hbox (badness 10000) in paragraph at lines 29--38
 
 []


Underfull \hbox (badness 1803) in paragraph at lines 29--38
 \T1/ptm/b/n/10 Keywords: \T1/ptm/n/n/10 Bit-coin price pre-dic-tion, cryp-tocur-rency fore-cast-ing, SES, GARCH, Lin-ear Re-gres-sion, ARIMA,
 []


Package xcolor Warning: Incompatible color definition on input line 40.

LaTeX Font Info:    Calculating math sizes for size <9.9> on input line 40.
LaTeX Font Info:    Trying to load font information for U+msa on input line 40.
(C:\Users\asus\AppData\Local\Programs\MiKTeX\tex/latex/amsfonts\umsa.fd
File: umsa.fd 2013/01/14 v3.01 AMS symbols A
)
LaTeX Font Info:    Trying to load font information for U+msb on input line 40.
 (C:\Users\asus\AppData\Local\Programs\MiKTeX\tex/latex/amsfonts\umsb.fd
File: umsb.fd 2013/01/14 v3.01 AMS symbols B
)
LaTeX Font Info:    Calculating math sizes for size <6.6> on input line 40.


Package xcolor Warning: Incompatible color definition on input line 41.


Package xcolor Warning: Incompatible color definition on input line 73.

<Image/Logo_HTTT.png, id=1, 469.755pt x 469.755pt>
File: Image/Logo_HTTT.png Graphic file (type png)
<use Image/Logo_HTTT.png>
Package pdftex.def Info: Image/Logo_HTTT.png  used on input line 83.
(pdftex.def)             Requested size: 46.92004pt x 46.91374pt.

Overfull \hbox (1.90002pt too wide) has occurred while \output is active
[] 
 []


Overfull \hbox (505.12177pt too wide) has occurred while \output is active
[]
 []


Overfull \hbox (505.12177pt too wide) has occurred while \output is active
[]
 []


Overfull \hbox (505.12177pt too wide) has occurred while \output is active
[]
 []


Underfull \hbox (badness 10000) has occurred while \output is active
[]
 []

[1{C:/Users/asus/AppData/Local/Programs/MiKTeX/fonts/enc/dvips/base/8r.enc}


 <./Image/Logo_HTTT.png>]

Package xcolor Warning: Incompatible color definition on input line 84.


Package xcolor Warning: Incompatible color definition on input line 85.


Package xcolor Warning: Incompatible color definition on input line 88.


Package xcolor Warning: Incompatible color definition on input line 91.

<Image/Discriptive/boxplot_bnb_new.png, id=13, 380.92313pt x 435.87843pt>
File: Image/Discriptive/boxplot_bnb_new.png Graphic file (type png)
<use Image/Discriptive/boxplot_bnb_new.png>
Package pdftex.def Info: Image/Discriptive/boxplot_bnb_new.png  used on input line 111.
(pdftex.def)             Requested size: 116.17584pt x 132.93274pt.

Package xcolor Warning: Incompatible color definition on input line 112.


Package xcolor Warning: Incompatible color definition on input line 112.

<Image/Discriptive/histo_bnb_new.png, id=14, 404.26031pt x 434.37282pt>
File: Image/Discriptive/histo_bnb_new.png Graphic file (type png)
<use Image/Discriptive/histo_bnb_new.png>
Package pdftex.def Info: Image/Discriptive/histo_bnb_new.png  used on input line 118.
(pdftex.def)             Requested size: 116.17584pt x 124.82487pt.

Package xcolor Warning: Incompatible color definition on input line 119.


Package xcolor Warning: Incompatible color definition on input line 119.

<Image/Discriptive/boxplot_doge_new.png, id=15, 379.4175pt x 432.11438pt>
File: Image/Discriptive/boxplot_doge_new.png Graphic file (type png)
<use Image/Discriptive/boxplot_doge_new.png>
Package pdftex.def Info: Image/Discriptive/boxplot_doge_new.png  used on input line 128.
(pdftex.def)             Requested size: 116.17584pt x 132.30568pt.

Package xcolor Warning: Incompatible color definition on input line 129.


Package xcolor Warning: Incompatible color definition on input line 129.

<Image/Discriptive/histo_doge_new.png, id=16, 397.485pt x 429.10312pt>
File: Image/Discriptive/histo_doge_new.png Graphic file (type png)
<use Image/Discriptive/histo_doge_new.png>
Package pdftex.def Info: Image/Discriptive/histo_doge_new.png  used on input line 135.
(pdftex.def)             Requested size: 116.17584pt x 125.41885pt.

Package xcolor Warning: Incompatible color definition on input line 136.


Package xcolor Warning: Incompatible color definition on input line 136.

<Image/Discriptive/boxplot_tron_new.png, id=17, 386.19281pt x 435.12563pt>
File: Image/Discriptive/boxplot_tron_new.png Graphic file (type png)
<use Image/Discriptive/boxplot_tron_new.png>
Package pdftex.def Info: Image/Discriptive/boxplot_tron_new.png  used on input line 145.
(pdftex.def)             Requested size: 116.17584pt x 130.89722pt.

Package xcolor Warning: Incompatible color definition on input line 146.


Package xcolor Warning: Incompatible color definition on input line 146.

<Image/Discriptive/histo_tron_new.png, id=18, 395.22656pt x 435.12563pt>
File: Image/Discriptive/histo_tron_new.png Graphic file (type png)
<use Image/Discriptive/histo_tron_new.png>
Package pdftex.def Info: Image/Discriptive/histo_tron_new.png  used on input line 152.
(pdftex.def)             Requested size: 116.17584pt x 127.90282pt.

Package xcolor Warning: Incompatible color definition on input line 153.


Package xcolor Warning: Incompatible color definition on input line 153.


Underfull \vbox (badness 10000) has occurred while \output is active []

File: Image/Logo_HTTT.png Graphic file (type png)
<use Image/Logo_HTTT.png>
Package pdftex.def Info: Image/Logo_HTTT.png  used on input line 157.
(pdftex.def)             Requested size: 24.11993pt x 24.11989pt.

Overfull \hbox (505.12177pt too wide) has occurred while \output is active
[]
 []


Overfull \hbox (505.12177pt too wide) has occurred while \output is active
[]
 []


Underfull \hbox (badness 10000) has occurred while \output is active
[]
 []

[2 <./Image/Discriptive/boxplot_bnb_new.png> <./Image/Discriptive/histo_bnb_new.png> <./Image/Discriptive/boxplot_doge_new.png> <./Image/Discriptive/histo_doge_new.png>]

Package xcolor Warning: Incompatible color definition on input line 158.


Package xcolor Warning: Incompatible color definition on input line 160.


Package xcolor Warning: Incompatible color definition on input line 193.


Package xcolor Warning: Incompatible color definition on input line 217.


Package xcolor Warning: Incompatible color definition on input line 225.

File: Image/Logo_HTTT.png Graphic file (type png)
<use Image/Logo_HTTT.png>
Package pdftex.def Info: Image/Logo_HTTT.png  used on input line 228.
(pdftex.def)             Requested size: 24.11993pt x 24.11989pt.

Overfull \hbox (505.12177pt too wide) has occurred while \output is active
[]
 []


Overfull \hbox (505.12177pt too wide) has occurred while \output is active
[]
 []


Underfull \hbox (badness 10000) has occurred while \output is active
[]
 []

[3 <./Image/Discriptive/boxplot_tron_new.png> <./Image/Discriptive/histo_tron_new.png>]
<Image/GRU/model_gru.png, id=40, 603.75563pt x 328.97906pt>
File: Image/GRU/model_gru.png Graphic file (type png)
<use Image/GRU/model_gru.png>
Package pdftex.def Info: Image/GRU/model_gru.png  used on input line 249.
(pdftex.def)             Requested size: 242.67355pt x 132.2268pt.


Package xcolor Warning: Incompatible color definition on input line 250.


Package xcolor Warning: Incompatible color definition on input line 250.


Package xcolor Warning: Incompatible color definition on input line 254.

<Image/MLP/model.png, id=41, 509.65407pt x 333.49594pt>
File: Image/MLP/model.png Graphic file (type png)
<use Image/MLP/model.png>
Package pdftex.def Info: Image/MLP/model.png  used on input line 274.
(pdftex.def)             Requested size: 194.13957pt x 127.0351pt.

Package xcolor Warning: Incompatible color definition on input line 275.


Package xcolor Warning: Incompatible color definition on input line 275.


Package xcolor Warning: Incompatible color definition on input line 279.

LaTeX Font Info:    Trying to load font information for TS1+ptm on input line 284.
(C:\Users\asus\AppData\Local\Programs\MiKTeX\tex/latex/psnfss\ts1ptm.fd
File: ts1ptm.fd 2001/06/04 font definitions for TS1/ptm.
)

LaTeX Font Warning: Font shape `TS1/ptm/n/n' undefined
(Font)              using `TS1/ptm/m/n' instead
(Font)              for symbol `textbullet' on input line 284.


LaTeX Warning: Citation `b38' on page 4 undefined on input line 288.


LaTeX Warning: Citation `b39' on page 4 undefined on input line 288.


Package xcolor Warning: Incompatible color definition on input line 290.

File: Image/Logo_HTTT.png Graphic file (type png)
<use Image/Logo_HTTT.png>
Package pdftex.def Info: Image/Logo_HTTT.png  used on input line 295.
(pdftex.def)             Requested size: 24.11993pt x 24.11989pt.

Overfull \hbox (505.12177pt too wide) has occurred while \output is active
[]
 []


Overfull \hbox (505.12177pt too wide) has occurred while \output is active
[]
 []


Underfull \hbox (badness 10000) has occurred while \output is active
[]
 []

[4 <./Image/GRU/model_gru.png> <./Image/MLP/model.png>]

Package xcolor Warning: Incompatible color definition on input line 303.


LaTeX Warning: Citation `b34' on page 5 undefined on input line 333.


LaTeX Warning: Citation `b35' on page 5 undefined on input line 333.

<Image/LSTM/Model_LSTM.png, id=47, 1038.88126pt x 383.93437pt>
File: Image/LSTM/Model_LSTM.png Graphic file (type png)
<use Image/LSTM/Model_LSTM.png>
Package pdftex.def Info: Image/LSTM/Model_LSTM.png  used on input line 339.
(pdftex.def)             Requested size: 242.67355pt x 89.67975pt.

Package xcolor Warning: Incompatible color definition on input line 340.


Package xcolor Warning: Incompatible color definition on input line 340.


Package xcolor Warning: Incompatible color definition on input line 344.


Package xcolor Warning: Incompatible color definition on input line 345.


Underfull \hbox (badness 10000) in paragraph at lines 363--369

 []

File: Image/Logo_HTTT.png Graphic file (type png)
<use Image/Logo_HTTT.png>
Package pdftex.def Info: Image/Logo_HTTT.png  used on input line 378.
(pdftex.def)             Requested size: 24.11993pt x 24.11989pt.

Overfull \hbox (505.12177pt too wide) has occurred while \output is active
[]
 []


Overfull \hbox (505.12177pt too wide) has occurred while \output is active
[]
 []


Underfull \hbox (badness 10000) has occurred while \output is active
[]
 []

[5 <./Image/LSTM/Model_LSTM.png>]

Package xcolor Warning: Incompatible color definition on input line 378.


Package xcolor Warning: Incompatible color definition on input line 407.

<Image/Garch/GARCH_TRON73.png, id=52, 729.927pt x 393.8715pt>
File: Image/Garch/GARCH_TRON73.png Graphic file (type png)
<use Image/Garch/GARCH_TRON73.png>
Package pdftex.def Info: Image/Garch/GARCH_TRON73.png  used on input line 415.
(pdftex.def)             Requested size: 194.13957pt x 104.75407pt.

Package xcolor Warning: Incompatible color definition on input line 416.


Package xcolor Warning: Incompatible color definition on input line 416.

<Image/LN/LN_TRON_82.png, id=53, 778.40813pt x 408.02437pt>
File: Image/LN/LN_TRON_82.png Graphic file (type png)
<use Image/LN/LN_TRON_82.png>
Package pdftex.def Info: Image/LN/LN_TRON_82.png  used on input line 425.
(pdftex.def)             Requested size: 194.13957pt x 101.76303pt.

Package xcolor Warning: Incompatible color definition on input line 426.


Package xcolor Warning: Incompatible color definition on input line 426.

<Image/LSTM/LSTM_TRON_82.png, id=54, 797.98125pt x 411.78844pt>
File: Image/LSTM/LSTM_TRON_82.png Graphic file (type png)
<use Image/LSTM/LSTM_TRON_82.png>
Package pdftex.def Info: Image/LSTM/LSTM_TRON_82.png  used on input line 435.
(pdftex.def)             Requested size: 194.13957pt x 100.18216pt.

Package xcolor Warning: Incompatible color definition on input line 436.


Package xcolor Warning: Incompatible color definition on input line 436.

<Image/SES/SES_TRON_91.png, id=55, 772.38562pt x 411.78844pt>
File: Image/SES/SES_TRON_91.png Graphic file (type png)
<use Image/SES/SES_TRON_91.png>
Package pdftex.def Info: Image/SES/SES_TRON_91.png  used on input line 445.
(pdftex.def)             Requested size: 194.13957pt x 103.49979pt.

Package xcolor Warning: Incompatible color definition on input line 446.


Package xcolor Warning: Incompatible color definition on input line 446.


Underfull \vbox (badness 10000) has occurred while \output is active []

<Image/RNN/RNN_TRON91.png, id=56, 729.927pt x 422.7795pt>
File: Image/RNN/RNN_TRON91.png Graphic file (type png)
<use Image/RNN/RNN_TRON91.png>
Package pdftex.def Info: Image/RNN/RNN_TRON91.png  used on input line 455.
(pdftex.def)             Requested size: 194.13957pt x 112.44244pt.


Package xcolor Warning: Incompatible color definition on input line 456.


Package xcolor Warning: Incompatible color definition on input line 456.

<Image/Arima/Arima_tron_9_1_n.png, id=57, 729.927pt x 395.3169pt>
File: Image/Arima/Arima_tron_9_1_n.png Graphic file (type png)
<use Image/Arima/Arima_tron_9_1_n.png>
Package pdftex.def Info: Image/Arima/Arima_tron_9_1_n.png  used on input line 465.
(pdftex.def)             Requested size: 194.13957pt x 105.13849pt.

Package xcolor Warning: Incompatible color definition on input line 466.


Package xcolor Warning: Incompatible color definition on input line 466.

<Image/GRU/GRU_TRON_91_n.png, id=58, 729.927pt x 395.3169pt>
File: Image/GRU/GRU_TRON_91_n.png Graphic file (type png)
<use Image/GRU/GRU_TRON_91_n.png>
Package pdftex.def Info: Image/GRU/GRU_TRON_91_n.png  used on input line 475.
(pdftex.def)             Requested size: 194.13957pt x 105.13849pt.

Package xcolor Warning: Incompatible color definition on input line 476.


Package xcolor Warning: Incompatible color definition on input line 476.

<Image/MLP/MLP_TRON_82_new.png, id=59, 841.9455pt x 506.6127pt>
File: Image/MLP/MLP_TRON_82_new.png Graphic file (type png)
<use Image/MLP/MLP_TRON_82_new.png>
Package pdftex.def Info: Image/MLP/MLP_TRON_82_new.png  used on input line 485.
(pdftex.def)             Requested size: 194.13957pt x 116.81221pt.

Package xcolor Warning: Incompatible color definition on input line 486.


Package xcolor Warning: Incompatible color definition on input line 486.

File: Image/Logo_HTTT.png Graphic file (type png)
<use Image/Logo_HTTT.png>
Package pdftex.def Info: Image/Logo_HTTT.png  used on input line 491.
(pdftex.def)             Requested size: 24.11993pt x 24.11989pt.

Overfull \hbox (505.12177pt too wide) has occurred while \output is active
[]
 []


Overfull \hbox (505.12177pt too wide) has occurred while \output is active
[]
 []


Underfull \hbox (badness 10000) has occurred while \output is active
[]
 []

[6 <./Image/Garch/GARCH_TRON73.png> <./Image/LN/LN_TRON_82.png> <./Image/LSTM/LSTM_TRON_82.png> <./Image/SES/SES_TRON_91.png> <./Image/RNN/RNN_TRON91.png> <./Image/Arima/Arima_tron_9_1_n.png> <./Image/GRU/GRU_TRON_91_n.png>]

Package xcolor Warning: Incompatible color definition on input line 491.


Overfull \hbox (4.87738pt too wide) in paragraph at lines 495--522
 [][] 
 []


Package xcolor Warning: Incompatible color definition on input line 522.

<Image/Garch/GARCH_BNB73.png, id=70, 726.3135pt x 393.8715pt>
File: Image/Garch/GARCH_BNB73.png Graphic file (type png)
<use Image/Garch/GARCH_BNB73.png>
Package pdftex.def Info: Image/Garch/GARCH_BNB73.png  used on input line 530.
(pdftex.def)             Requested size: 194.13957pt x 105.27695pt.

Package xcolor Warning: Incompatible color definition on input line 531.


Package xcolor Warning: Incompatible color definition on input line 531.

<Image/LN/LN_BNB_91.png, id=71, 776.9025pt x 414.04688pt>
File: Image/LN/LN_BNB_91.png Graphic file (type png)
<use Image/LN/LN_BNB_91.png>
Package pdftex.def Info: Image/LN/LN_BNB_91.png  used on input line 540.
(pdftex.def)             Requested size: 194.13957pt x 103.4609pt.

Package xcolor Warning: Incompatible color definition on input line 541.


Package xcolor Warning: Incompatible color definition on input line 541.

<Image/LSTM/LSTM_BNB_73.png, id=72, 786.68906pt x 412.54124pt>
File: Image/LSTM/LSTM_BNB_73.png Graphic file (type png)
<use Image/LSTM/LSTM_BNB_73.png>
Package pdftex.def Info: Image/LSTM/LSTM_BNB_73.png  used on input line 550.
(pdftex.def)             Requested size: 194.13957pt x 101.80684pt.

Package xcolor Warning: Incompatible color definition on input line 551.


Package xcolor Warning: Incompatible color definition on input line 551.

<Image/SES/SES_BNB_73.png, id=73, 763.35187pt x 407.27156pt>
File: Image/SES/SES_BNB_73.png Graphic file (type png)
<use Image/SES/SES_BNB_73.png>
Package pdftex.def Info: Image/SES/SES_BNB_73.png  used on input line 560.
(pdftex.def)             Requested size: 194.13957pt x 103.57632pt.

Package xcolor Warning: Incompatible color definition on input line 561.


Package xcolor Warning: Incompatible color definition on input line 561.

<Image/RNN/RNN_BNB82.png, id=74, 726.3135pt x 422.7795pt>
File: Image/RNN/RNN_BNB82.png Graphic file (type png)
<use Image/RNN/RNN_BNB82.png>
Package pdftex.def Info: Image/RNN/RNN_BNB82.png  used on input line 570.
(pdftex.def)             Requested size: 194.13957pt x 113.0037pt.

Package xcolor Warning: Incompatible color definition on input line 571.


Package xcolor Warning: Incompatible color definition on input line 571.

<Image/Arima/Arima_BNB_7_3_n.png, id=75, 726.3135pt x 395.3169pt>
File: Image/Arima/Arima_BNB_7_3_n.png Graphic file (type png)
<use Image/Arima/Arima_BNB_7_3_n.png>
Package pdftex.def Info: Image/Arima/Arima_BNB_7_3_n.png  used on input line 580.
(pdftex.def)             Requested size: 194.13957pt x 105.66327pt.

Package xcolor Warning: Incompatible color definition on input line 581.


Package xcolor Warning: Incompatible color definition on input line 581.

<Image/GRU/GRU_BNN_73_n.png, id=76, 726.3135pt x 395.3169pt>
File: Image/GRU/GRU_BNN_73_n.png Graphic file (type png)
<use Image/GRU/GRU_BNN_73_n.png>
Package pdftex.def Info: Image/GRU/GRU_BNN_73_n.png  used on input line 590.
(pdftex.def)             Requested size: 194.13957pt x 105.66327pt.

Package xcolor Warning: Incompatible color definition on input line 591.


Package xcolor Warning: Incompatible color definition on input line 591.

<Image/MLP/MLP_BNB_7_3_new.png, id=77, 838.332pt x 506.6127pt>
File: Image/MLP/MLP_BNB_7_3_new.png Graphic file (type png)
<use Image/MLP/MLP_BNB_7_3_new.png>
Package pdftex.def Info: Image/MLP/MLP_BNB_7_3_new.png  used on input line 600.
(pdftex.def)             Requested size: 194.13957pt x 117.31468pt.

Package xcolor Warning: Incompatible color definition on input line 601.


Package xcolor Warning: Incompatible color definition on input line 601.

File: Image/Logo_HTTT.png Graphic file (type png)
<use Image/Logo_HTTT.png>
Package pdftex.def Info: Image/Logo_HTTT.png  used on input line 606.
(pdftex.def)             Requested size: 24.11993pt x 24.11989pt.

Overfull \hbox (505.12177pt too wide) has occurred while \output is active
[]
 []


Overfull \hbox (505.12177pt too wide) has occurred while \output is active
[]
 []


Underfull \hbox (badness 10000) has occurred while \output is active
[]
 []

[7 <./Image/MLP/MLP_TRON_82_new.png> <./Image/Garch/GARCH_BNB73.png> <./Image/LN/LN_BNB_91.png> <./Image/LSTM/LSTM_BNB_73.png> <./Image/SES/SES_BNB_73.png> <./Image/RNN/RNN_BNB82.png> <./Image/Arima/Arima_BNB_7_3_n.png> <./Image/GRU/GRU_BNN_73_n.png>]

Package xcolor Warning: Incompatible color definition on input line 606.


Package xcolor Warning: Incompatible color definition on input line 635.

<Image/Garch/GARCH_Dogecoin91.png, id=90, 723.4227pt x 393.8715pt>
File: Image/Garch/GARCH_Dogecoin91.png Graphic file (type png)
<use Image/Garch/GARCH_Dogecoin91.png>
Package pdftex.def Info: Image/Garch/GARCH_Dogecoin91.png  used on input line 643.
(pdftex.def)             Requested size: 194.13957pt x 105.69763pt.

Package xcolor Warning: Incompatible color definition on input line 644.


Package xcolor Warning: Incompatible color definition on input line 644.

<Image/LN/LN_DOGE_91.png, id=91, 758.08218pt x 409.53pt>
File: Image/LN/LN_DOGE_91.png Graphic file (type png)
<use Image/LN/LN_DOGE_91.png>
Package pdftex.def Info: Image/LN/LN_DOGE_91.png  used on input line 653.
(pdftex.def)             Requested size: 194.13957pt x 104.87556pt.

Package xcolor Warning: Incompatible color definition on input line 654.


Package xcolor Warning: Incompatible color definition on input line 654.

<Image/LSTM/LSTM_DOGE_73.png, id=92, 791.95876pt x 409.53pt>
File: Image/LSTM/LSTM_DOGE_73.png Graphic file (type png)
<use Image/LSTM/LSTM_DOGE_73.png>
Package pdftex.def Info: Image/LSTM/LSTM_DOGE_73.png  used on input line 663.
(pdftex.def)             Requested size: 194.13957pt x 100.38884pt.

Package xcolor Warning: Incompatible color definition on input line 664.


Package xcolor Warning: Incompatible color definition on input line 664.


Underfull \vbox (badness 10000) has occurred while \output is active []

<Image/SES/SES_DOGE_82.png, id=93, 758.08218pt x 414.04688pt>
File: Image/SES/SES_DOGE_82.png Graphic file (type png)
<use Image/SES/SES_DOGE_82.png>
Package pdftex.def Info: Image/SES/SES_DOGE_82.png  used on input line 673.
(pdftex.def)             Requested size: 194.13957pt x 106.03227pt.


Package xcolor Warning: Incompatible color definition on input line 674.


Package xcolor Warning: Incompatible color definition on input line 674.

<Image/RNN/RNN_Dogecoin82.png, id=94, 723.4227pt x 422.7795pt>
File: Image/RNN/RNN_Dogecoin82.png Graphic file (type png)
<use Image/RNN/RNN_Dogecoin82.png>
Package pdftex.def Info: Image/RNN/RNN_Dogecoin82.png  used on input line 683.
(pdftex.def)             Requested size: 194.13957pt x 113.45526pt.

Package xcolor Warning: Incompatible color definition on input line 684.


Package xcolor Warning: Incompatible color definition on input line 684.

<Image/Arima/Arima_doge_9_1_n.png, id=95, 723.4227pt x 395.3169pt>
File: Image/Arima/Arima_doge_9_1_n.png Graphic file (type png)
<use Image/Arima/Arima_doge_9_1_n.png>
Package pdftex.def Info: Image/Arima/Arima_doge_9_1_n.png  used on input line 693.
(pdftex.def)             Requested size: 194.13957pt x 106.08553pt.

Package xcolor Warning: Incompatible color definition on input line 694.


Package xcolor Warning: Incompatible color definition on input line 694.

<Image/GRU/GRU_DOGE_82_n.png, id=96, 723.4227pt x 395.3169pt>
File: Image/GRU/GRU_DOGE_82_n.png Graphic file (type png)
<use Image/GRU/GRU_DOGE_82_n.png>
Package pdftex.def Info: Image/GRU/GRU_DOGE_82_n.png  used on input line 703.
(pdftex.def)             Requested size: 194.13957pt x 106.08553pt.

Package xcolor Warning: Incompatible color definition on input line 704.


Package xcolor Warning: Incompatible color definition on input line 704.

<Image/MLP/MLP_DOGE_73_new.png, id=97, 835.4412pt x 506.6127pt>
File: Image/MLP/MLP_DOGE_73_new.png Graphic file (type png)
<use Image/MLP/MLP_DOGE_73_new.png>
Package pdftex.def Info: Image/MLP/MLP_DOGE_73_new.png  used on input line 713.
(pdftex.def)             Requested size: 194.13957pt x 117.72438pt.

Package xcolor Warning: Incompatible color definition on input line 714.


Package xcolor Warning: Incompatible color definition on input line 714.

File: Image/Logo_HTTT.png Graphic file (type png)
<use Image/Logo_HTTT.png>
Package pdftex.def Info: Image/Logo_HTTT.png  used on input line 717.
(pdftex.def)             Requested size: 24.11993pt x 24.11989pt.

Overfull \hbox (505.12177pt too wide) has occurred while \output is active
[]
 []


Overfull \hbox (505.12177pt too wide) has occurred while \output is active
[]
 []


Underfull \hbox (badness 10000) has occurred while \output is active
[]
 []

[8 <./Image/MLP/MLP_BNB_7_3_new.png> <./Image/Garch/GARCH_Dogecoin91.png> <./Image/LN/LN_DOGE_91.png> <./Image/LSTM/LSTM_DOGE_73.png> <./Image/SES/SES_DOGE_82.png> <./Image/RNN/RNN_Dogecoin82.png> <./Image/Arima/Arima_doge_9_1_n.png>]

Package xcolor Warning: Incompatible color definition on input line 718.


Package xcolor Warning: Incompatible color definition on input line 719.


Package xcolor Warning: Incompatible color definition on input line 724.


Package xcolor Warning: Incompatible color definition on input line 730.


Package xcolor Warning: Incompatible color definition on input line 736.


Underfull \hbox (badness 5802) in paragraph at lines 737--738
[]\T1/ptm/n/n/7.61 Bollerslev, T. (1986). Gen-er-al-ized au-tore-gres-sive con-di-tional het-
 []

File: Image/Logo_HTTT.png Graphic file (type png)
<use Image/Logo_HTTT.png>
Package pdftex.def Info: Image/Logo_HTTT.png  used on input line 739.
(pdftex.def)             Requested size: 24.11993pt x 24.11989pt.

Overfull \hbox (505.12177pt too wide) has occurred while \output is active
[]
 []


Overfull \hbox (505.12177pt too wide) has occurred while \output is active
[]
 []


Underfull \hbox (badness 10000) has occurred while \output is active
[]
 []

[9 <./Image/GRU/GRU_DOGE_82_n.png> <./Image/MLP/MLP_DOGE_73_new.png>]
Underfull \hbox (badness 1527) in paragraph at lines 756--757
\T1/ptm/m/n/7.61 Encoder-Decoder for Sta-tis-ti-cal Ma-chine Trans-la-tion. arXiv preprint
 []


Underfull \hbox (badness 3138) in paragraph at lines 761--762
[]\T1/ptm/m/n/7.61 Olah, C. (2015). Un-der-stand-ing LSTM Net-works. Re-trieved from
 []


Underfull \hbox (badness 6032) in paragraph at lines 765--766
[]\T1/ptm/m/n/7.61 Taylor, S. (2023). Re-gres-sion anal-y-sis. Cor-po-rate Fi-nance In-sti-
 []

File: Image/Logo_HTTT.png Graphic file (type png)
<use Image/Logo_HTTT.png>
Package pdftex.def Info: Image/Logo_HTTT.png  used on input line 774.
(pdftex.def)             Requested size: 24.11993pt x 24.11989pt.

Overfull \hbox (505.12177pt too wide) has occurred while \output is active
[]
 []


Overfull \hbox (505.12177pt too wide) has occurred while \output is active
[]
 []


Underfull \hbox (badness 10000) has occurred while \output is active
[]
 []

[10

] (Report.aux)
 ***********
LaTeX2e <2023-11-01> patch level 1
L3 programming layer <2024-04-11>
 ***********


LaTeX Font Warning: Some font shapes were not available, defaults substituted.


LaTeX Warning: There were undefined references.


LaTeX Warning: There were multiply-defined labels.

 ) 
Here is how much of TeX's memory you used:
 5601 strings out of 474370
 92459 string characters out of 5741007
 1951754 words of memory out of 5000000
 27893 multiletter control sequences out of 15000+600000
 644864 words of font info for 155 fonts, out of 8000000 for 9000
 1141 hyphenation exceptions out of 8191
 57i,13n,70p,1106b,511s stack positions out of 10000i,1000n,20000p,200000b,200000s
<C:/Users/asus/AppData/Local/Programs/MiKTeX/fonts/type1/public/amsfonts/cm/cmex10.pfb><C:/Users/asus/AppData/Local/Programs/MiKTeX/fonts/type1/public/amsfonts/cm/cmmi10.pfb><C:/Users/asus/AppData/Local/Programs/MiKTeX/fonts/type1/public/amsfonts/cm/cmmi7.pfb><C:/Users/asus/AppData/Local/Programs/MiKTeX/fonts/type1/public/amsfonts/cm/cmr10.pfb><C:/Users/asus/AppData/Local/Programs/MiKTeX/fonts/type1/public/amsfonts/cm/cmr7.pfb><C:/Users/asus/AppData/Local/Programs/MiKTeX/fonts/type1/public/amsfonts/cm/cmsy10.pfb><C:/Users/asus/AppData/Local/Programs/MiKTeX/fonts/type1/public/amsfonts/cm/cmsy7.pfb><C:/Users/asus/AppData/Local/Programs/MiKTeX/fonts/type1/urw/helvetic/uhvb8a.pfb><C:/Users/asus/AppData/Local/Programs/MiKTeX/fonts/type1/urw/helvetic/uhvbo8a.pfb><C:/Users/asus/AppData/Local/Programs/MiKTeX/fonts/type1/urw/helvetic/uhvr8a.pfb><C:/Users/asus/AppData/Local/Programs/MiKTeX/fonts/type1/urw/helvetic/uhvro8a.pfb><C:/Users/asus/AppData/Local/Programs/MiKTeX/fonts/type1/urw/times/utmb8a.pfb><C:/Users/asus/AppData/Local/Programs/MiKTeX/fonts/type1/urw/times/utmr8a.pfb><C:/Users/asus/AppData/Local/Programs/MiKTeX/fonts/type1/urw/times/utmri8a.pfb>
Output written on Report.pdf (10 pages, 2041771 bytes).
PDF statistics:
 175 PDF objects out of 1000 (max. 8388607)
 0 named destinations out of 1000 (max. 500000)
 171 words of extra memory for PDF output out of 10000 (max. 10000000)

